<?xml version="1.0" encoding="UTF-8"?>
<testng-results ignored="0" total="50" passed="50" failed="0" skipped="0">
  <reporter-output>
  </reporter-output>
  <suite started-at="2024-10-27T07:18:58 CDT" name="Default suite" finished-at="2024-10-27T07:29:51 CDT" duration-ms="653280">
    <groups>
      <group name="cucumber">
        <method signature="AbstractTestNGCucumberTests.runScenario(io.cucumber.testng.PickleWrapper,io.cucumber.testng.FeatureWrapper)[pri:0, instance:runner.TestRunner@68878f6d]" name="runScenario" class="io.cucumber.testng.AbstractTestNGCucumberTests"/>
      </group> <!-- cucumber -->
    </groups>
    <test started-at="2024-10-27T07:18:58 CDT" name="Default test" finished-at="2024-10-27T07:29:51 CDT" duration-ms="653280">
      <class name="runner.TestRunner">
        <test-method is-config="true" signature="setUpClass(org.testng.ITestContext)[pri:0, instance:runner.TestRunner@68878f6d]" started-at="2024-10-27T07:18:58 CDT" name="setUpClass" finished-at="2024-10-27T07:19:02 CDT" duration-ms="3672" status="PASS">
          <params>
            <param index="0">
              <value>
                <![CDATA[org.testng.TestRunner@7940d27b]]>
              </value>
            </param>
          </params>
          <reporter-output>
          </reporter-output>
        </test-method> <!-- setUpClass -->
        <test-method signature="runScenario(io.cucumber.testng.PickleWrapper,io.cucumber.testng.FeatureWrapper)[pri:0, instance:runner.TestRunner@68878f6d]" started-at="2024-10-27T07:19:02 CDT" name="runScenario" description="Runs Cucumber Scenarios" data-provider="scenarios" finished-at="2024-10-27T07:19:05 CDT" duration-ms="3753" status="PASS">
          <params>
            <param index="0">
              <value>
                <![CDATA["Verify Admin is able to land on login page"]]>
              </value>
            </param>
            <param index="1">
              <value>
                <![CDATA["Login"]]>
              </value>
            </param>
          </params>
          <reporter-output>
          </reporter-output>
        </test-method> <!-- runScenario -->
        <test-method signature="runScenario(io.cucumber.testng.PickleWrapper,io.cucumber.testng.FeatureWrapper)[pri:0, instance:runner.TestRunner@68878f6d]" started-at="2024-10-27T07:19:05 CDT" name="runScenario" description="Runs Cucumber Scenarios" data-provider="scenarios" finished-at="2024-10-27T07:19:17 CDT" duration-ms="11650" status="PASS">
          <params>
            <param index="0">
              <value>
                <![CDATA["Verify that Admin is able to navigate to Program module"]]>
              </value>
            </param>
            <param index="1">
              <value>
                <![CDATA["Program Module"]]>
              </value>
            </param>
          </params>
          <reporter-output>
          </reporter-output>
        </test-method> <!-- runScenario -->
        <test-method signature="runScenario(io.cucumber.testng.PickleWrapper,io.cucumber.testng.FeatureWrapper)[pri:0, instance:runner.TestRunner@68878f6d]" started-at="2024-10-27T07:19:17 CDT" name="runScenario" description="Runs Cucumber Scenarios" data-provider="scenarios" finished-at="2024-10-27T07:19:30 CDT" duration-ms="12880" status="PASS">
          <params>
            <param index="0">
              <value>
                <![CDATA["Verify any broken links on program page"]]>
              </value>
            </param>
            <param index="1">
              <value>
                <![CDATA["Program Module"]]>
              </value>
            </param>
          </params>
          <reporter-output>
          </reporter-output>
        </test-method> <!-- runScenario -->
        <test-method signature="runScenario(io.cucumber.testng.PickleWrapper,io.cucumber.testng.FeatureWrapper)[pri:0, instance:runner.TestRunner@68878f6d]" started-at="2024-10-27T07:19:30 CDT" name="runScenario" description="Runs Cucumber Scenarios" data-provider="scenarios" finished-at="2024-10-27T07:19:41 CDT" duration-ms="11232" status="PASS">
          <params>
            <param index="0">
              <value>
                <![CDATA["Verify heading in menu bar"]]>
              </value>
            </param>
            <param index="1">
              <value>
                <![CDATA["Program Module"]]>
              </value>
            </param>
          </params>
          <reporter-output>
          </reporter-output>
        </test-method> <!-- runScenario -->
        <test-method signature="runScenario(io.cucumber.testng.PickleWrapper,io.cucumber.testng.FeatureWrapper)[pri:0, instance:runner.TestRunner@68878f6d]" started-at="2024-10-27T07:19:41 CDT" name="runScenario" description="Runs Cucumber Scenarios" data-provider="scenarios" finished-at="2024-10-27T07:19:52 CDT" duration-ms="11199" status="PASS">
          <params>
            <param index="0">
              <value>
                <![CDATA["Verify other modules name displayed in menu bar"]]>
              </value>
            </param>
            <param index="1">
              <value>
                <![CDATA["Program Module"]]>
              </value>
            </param>
          </params>
          <reporter-output>
          </reporter-output>
        </test-method> <!-- runScenario -->
        <test-method signature="runScenario(io.cucumber.testng.PickleWrapper,io.cucumber.testng.FeatureWrapper)[pri:0, instance:runner.TestRunner@68878f6d]" started-at="2024-10-27T07:19:52 CDT" name="runScenario" description="Runs Cucumber Scenarios" data-provider="scenarios" finished-at="2024-10-27T07:20:04 CDT" duration-ms="11117" status="PASS">
          <params>
            <param index="0">
              <value>
                <![CDATA["Verify Logout displayed in menu bar"]]>
              </value>
            </param>
            <param index="1">
              <value>
                <![CDATA["Program Module"]]>
              </value>
            </param>
          </params>
          <reporter-output>
          </reporter-output>
        </test-method> <!-- runScenario -->
        <test-method signature="runScenario(io.cucumber.testng.PickleWrapper,io.cucumber.testng.FeatureWrapper)[pri:0, instance:runner.TestRunner@68878f6d]" started-at="2024-10-27T07:20:04 CDT" name="runScenario" description="Runs Cucumber Scenarios" data-provider="scenarios" finished-at="2024-10-27T07:20:15 CDT" duration-ms="11068" status="PASS">
          <params>
            <param index="0">
              <value>
                <![CDATA["Verify sub menu displayed in program menu bar"]]>
              </value>
            </param>
            <param index="1">
              <value>
                <![CDATA["Program Module"]]>
              </value>
            </param>
          </params>
          <reporter-output>
          </reporter-output>
        </test-method> <!-- runScenario -->
        <test-method signature="runScenario(io.cucumber.testng.PickleWrapper,io.cucumber.testng.FeatureWrapper)[pri:0, instance:runner.TestRunner@68878f6d]" started-at="2024-10-27T07:20:15 CDT" name="runScenario" description="Runs Cucumber Scenarios" data-provider="scenarios" finished-at="2024-10-27T07:20:26 CDT" duration-ms="11307" status="PASS">
          <params>
            <param index="0">
              <value>
                <![CDATA["Verify heading in manage program"]]>
              </value>
            </param>
            <param index="1">
              <value>
                <![CDATA["Program Module"]]>
              </value>
            </param>
          </params>
          <reporter-output>
          </reporter-output>
        </test-method> <!-- runScenario -->
        <test-method signature="runScenario(io.cucumber.testng.PickleWrapper,io.cucumber.testng.FeatureWrapper)[pri:0, instance:runner.TestRunner@68878f6d]" started-at="2024-10-27T07:20:26 CDT" name="runScenario" description="Runs Cucumber Scenarios" data-provider="scenarios" finished-at="2024-10-27T07:20:37 CDT" duration-ms="11223" status="PASS">
          <params>
            <param index="0">
              <value>
                <![CDATA["Verify view details of programs"]]>
              </value>
            </param>
            <param index="1">
              <value>
                <![CDATA["Program Module"]]>
              </value>
            </param>
          </params>
          <reporter-output>
          </reporter-output>
        </test-method> <!-- runScenario -->
        <test-method signature="runScenario(io.cucumber.testng.PickleWrapper,io.cucumber.testng.FeatureWrapper)[pri:0, instance:runner.TestRunner@68878f6d]" started-at="2024-10-27T07:20:37 CDT" name="runScenario" description="Runs Cucumber Scenarios" data-provider="scenarios" finished-at="2024-10-27T07:20:48 CDT" duration-ms="11159" status="PASS">
          <params>
            <param index="0">
              <value>
                <![CDATA["Verify the Multiple Delete button state"]]>
              </value>
            </param>
            <param index="1">
              <value>
                <![CDATA["Program Module"]]>
              </value>
            </param>
          </params>
          <reporter-output>
          </reporter-output>
        </test-method> <!-- runScenario -->
        <test-method signature="runScenario(io.cucumber.testng.PickleWrapper,io.cucumber.testng.FeatureWrapper)[pri:0, instance:runner.TestRunner@68878f6d]" started-at="2024-10-27T07:20:48 CDT" name="runScenario" description="Runs Cucumber Scenarios" data-provider="scenarios" finished-at="2024-10-27T07:21:00 CDT" duration-ms="11217" status="PASS">
          <params>
            <param index="0">
              <value>
                <![CDATA["Verify the Search button"]]>
              </value>
            </param>
            <param index="1">
              <value>
                <![CDATA["Program Module"]]>
              </value>
            </param>
          </params>
          <reporter-output>
          </reporter-output>
        </test-method> <!-- runScenario -->
        <test-method signature="runScenario(io.cucumber.testng.PickleWrapper,io.cucumber.testng.FeatureWrapper)[pri:0, instance:runner.TestRunner@68878f6d]" started-at="2024-10-27T07:21:00 CDT" name="runScenario" description="Runs Cucumber Scenarios" data-provider="scenarios" finished-at="2024-10-27T07:21:11 CDT" duration-ms="11445" status="PASS">
          <params>
            <param index="0">
              <value>
                <![CDATA["Verify column header name of data table"]]>
              </value>
            </param>
            <param index="1">
              <value>
                <![CDATA["Program Module"]]>
              </value>
            </param>
          </params>
          <reporter-output>
          </reporter-output>
        </test-method> <!-- runScenario -->
        <test-method signature="runScenario(io.cucumber.testng.PickleWrapper,io.cucumber.testng.FeatureWrapper)[pri:0, instance:runner.TestRunner@68878f6d]" started-at="2024-10-27T07:21:11 CDT" name="runScenario" description="Runs Cucumber Scenarios" data-provider="scenarios" finished-at="2024-10-27T07:21:23 CDT" duration-ms="11622" status="PASS">
          <params>
            <param index="0">
              <value>
                <![CDATA["Verify checkbox default state beside Program Name column header"]]>
              </value>
            </param>
            <param index="1">
              <value>
                <![CDATA["Program Module"]]>
              </value>
            </param>
          </params>
          <reporter-output>
          </reporter-output>
        </test-method> <!-- runScenario -->
        <test-method signature="runScenario(io.cucumber.testng.PickleWrapper,io.cucumber.testng.FeatureWrapper)[pri:0, instance:runner.TestRunner@68878f6d]" started-at="2024-10-27T07:21:23 CDT" name="runScenario" description="Runs Cucumber Scenarios" data-provider="scenarios" finished-at="2024-10-27T07:21:34 CDT" duration-ms="11373" status="PASS">
          <params>
            <param index="0">
              <value>
                <![CDATA["Verify checkboxes default state beside each Program names in the data table"]]>
              </value>
            </param>
            <param index="1">
              <value>
                <![CDATA["Program Module"]]>
              </value>
            </param>
          </params>
          <reporter-output>
          </reporter-output>
        </test-method> <!-- runScenario -->
        <test-method signature="runScenario(io.cucumber.testng.PickleWrapper,io.cucumber.testng.FeatureWrapper)[pri:0, instance:runner.TestRunner@68878f6d]" started-at="2024-10-27T07:21:34 CDT" name="runScenario" description="Runs Cucumber Scenarios" data-provider="scenarios" finished-at="2024-10-27T07:21:45 CDT" duration-ms="11261" status="PASS">
          <params>
            <param index="0">
              <value>
                <![CDATA["Verify Sort icon in manage program"]]>
              </value>
            </param>
            <param index="1">
              <value>
                <![CDATA["Program Module"]]>
              </value>
            </param>
          </params>
          <reporter-output>
          </reporter-output>
        </test-method> <!-- runScenario -->
        <test-method signature="runScenario(io.cucumber.testng.PickleWrapper,io.cucumber.testng.FeatureWrapper)[pri:0, instance:runner.TestRunner@68878f6d]" started-at="2024-10-27T07:21:45 CDT" name="runScenario" description="Runs Cucumber Scenarios" data-provider="scenarios" finished-at="2024-10-27T07:21:57 CDT" duration-ms="11473" status="PASS">
          <params>
            <param index="0">
              <value>
                <![CDATA["Verify edit and delete icon in manage program"]]>
              </value>
            </param>
            <param index="1">
              <value>
                <![CDATA["Program Module"]]>
              </value>
            </param>
          </params>
          <reporter-output>
          </reporter-output>
        </test-method> <!-- runScenario -->
        <test-method signature="runScenario(io.cucumber.testng.PickleWrapper,io.cucumber.testng.FeatureWrapper)[pri:0, instance:runner.TestRunner@68878f6d]" started-at="2024-10-27T07:21:57 CDT" name="runScenario" description="Runs Cucumber Scenarios" data-provider="scenarios" finished-at="2024-10-27T07:22:08 CDT" duration-ms="11509" status="PASS">
          <params>
            <param index="0">
              <value>
                <![CDATA["Verify pagination icons below data table in manage program"]]>
              </value>
            </param>
            <param index="1">
              <value>
                <![CDATA["Program Module"]]>
              </value>
            </param>
          </params>
          <reporter-output>
          </reporter-output>
        </test-method> <!-- runScenario -->
        <test-method signature="runScenario(io.cucumber.testng.PickleWrapper,io.cucumber.testng.FeatureWrapper)[pri:0, instance:runner.TestRunner@68878f6d]" started-at="2024-10-27T07:22:08 CDT" name="runScenario" description="Runs Cucumber Scenarios" data-provider="scenarios" finished-at="2024-10-27T07:22:20 CDT" duration-ms="11509" status="PASS">
          <params>
            <param index="0">
              <value>
                <![CDATA["Verify footer message in manage program"]]>
              </value>
            </param>
            <param index="1">
              <value>
                <![CDATA["Program Module"]]>
              </value>
            </param>
          </params>
          <reporter-output>
          </reporter-output>
        </test-method> <!-- runScenario -->
        <test-method signature="runScenario(io.cucumber.testng.PickleWrapper,io.cucumber.testng.FeatureWrapper)[pri:0, instance:runner.TestRunner@68878f6d]" started-at="2024-10-27T07:22:20 CDT" name="runScenario" description="Runs Cucumber Scenarios" data-provider="scenarios" finished-at="2024-10-27T07:22:42 CDT" duration-ms="21939" status="PASS">
          <params>
            <param index="0">
              <value>
                <![CDATA["Verify add New Program"]]>
              </value>
            </param>
            <param index="1">
              <value>
                <![CDATA["Add New Program"]]>
              </value>
            </param>
          </params>
          <reporter-output>
          </reporter-output>
        </test-method> <!-- runScenario -->
        <test-method signature="runScenario(io.cucumber.testng.PickleWrapper,io.cucumber.testng.FeatureWrapper)[pri:0, instance:runner.TestRunner@68878f6d]" started-at="2024-10-27T07:22:42 CDT" name="runScenario" description="Runs Cucumber Scenarios" data-provider="scenarios" finished-at="2024-10-27T07:23:03 CDT" duration-ms="21475" status="PASS">
          <params>
            <param index="0">
              <value>
                <![CDATA["Verify title of the pop up window"]]>
              </value>
            </param>
            <param index="1">
              <value>
                <![CDATA["Add New Program"]]>
              </value>
            </param>
          </params>
          <reporter-output>
          </reporter-output>
        </test-method> <!-- runScenario -->
        <test-method signature="runScenario(io.cucumber.testng.PickleWrapper,io.cucumber.testng.FeatureWrapper)[pri:0, instance:runner.TestRunner@68878f6d]" started-at="2024-10-27T07:23:03 CDT" name="runScenario" description="Runs Cucumber Scenarios" data-provider="scenarios" finished-at="2024-10-27T07:23:25 CDT" duration-ms="21649" status="PASS">
          <params>
            <param index="0">
              <value>
                <![CDATA["Verify mandatory fields with red "*" mark"]]>
              </value>
            </param>
            <param index="1">
              <value>
                <![CDATA["Add New Program"]]>
              </value>
            </param>
          </params>
          <reporter-output>
          </reporter-output>
        </test-method> <!-- runScenario -->
        <test-method signature="runScenario(io.cucumber.testng.PickleWrapper,io.cucumber.testng.FeatureWrapper)[pri:0, instance:runner.TestRunner@68878f6d]" started-at="2024-10-27T07:23:25 CDT" name="runScenario" description="Runs Cucumber Scenarios" data-provider="scenarios" finished-at="2024-10-27T07:23:46 CDT" duration-ms="21427" status="PASS">
          <params>
            <param index="0">
              <value>
                <![CDATA["Verify mandatory fields with red "*" mark"]]>
              </value>
            </param>
            <param index="1">
              <value>
                <![CDATA["Add New Program"]]>
              </value>
            </param>
          </params>
          <reporter-output>
          </reporter-output>
        </test-method> <!-- runScenario -->
        <test-method signature="runScenario(io.cucumber.testng.PickleWrapper,io.cucumber.testng.FeatureWrapper)[pri:0, instance:runner.TestRunner@68878f6d]" started-at="2024-10-27T07:23:46 CDT" name="runScenario" description="Runs Cucumber Scenarios" data-provider="scenarios" finished-at="2024-10-27T07:24:08 CDT" duration-ms="21472" status="PASS">
          <params>
            <param index="0">
              <value>
                <![CDATA["Verify mandatory fields with red "*" mark"]]>
              </value>
            </param>
            <param index="1">
              <value>
                <![CDATA["Add New Program"]]>
              </value>
            </param>
          </params>
          <reporter-output>
          </reporter-output>
        </test-method> <!-- runScenario -->
        <test-method signature="runScenario(io.cucumber.testng.PickleWrapper,io.cucumber.testng.FeatureWrapper)[pri:0, instance:runner.TestRunner@68878f6d]" started-at="2024-10-27T07:24:08 CDT" name="runScenario" description="Runs Cucumber Scenarios" data-provider="scenarios" finished-at="2024-10-27T07:24:20 CDT" duration-ms="12113" status="PASS">
          <params>
            <param index="0">
              <value>
                <![CDATA["Verify empty form submission"]]>
              </value>
            </param>
            <param index="1">
              <value>
                <![CDATA["Add New Program"]]>
              </value>
            </param>
          </params>
          <reporter-output>
          </reporter-output>
        </test-method> <!-- runScenario -->
        <test-method signature="runScenario(io.cucumber.testng.PickleWrapper,io.cucumber.testng.FeatureWrapper)[pri:0, instance:runner.TestRunner@68878f6d]" started-at="2024-10-27T07:24:20 CDT" name="runScenario" description="Runs Cucumber Scenarios" data-provider="scenarios" finished-at="2024-10-27T07:24:32 CDT" duration-ms="12430" status="PASS">
          <params>
            <param index="0">
              <value>
                <![CDATA["Verify empty form submission"]]>
              </value>
            </param>
            <param index="1">
              <value>
                <![CDATA["Add New Program"]]>
              </value>
            </param>
          </params>
          <reporter-output>
          </reporter-output>
        </test-method> <!-- runScenario -->
        <test-method signature="runScenario(io.cucumber.testng.PickleWrapper,io.cucumber.testng.FeatureWrapper)[pri:0, instance:runner.TestRunner@68878f6d]" started-at="2024-10-27T07:24:32 CDT" name="runScenario" description="Runs Cucumber Scenarios" data-provider="scenarios" finished-at="2024-10-27T07:24:44 CDT" duration-ms="11899" status="PASS">
          <params>
            <param index="0">
              <value>
                <![CDATA["Verify empty form submission"]]>
              </value>
            </param>
            <param index="1">
              <value>
                <![CDATA["Add New Program"]]>
              </value>
            </param>
          </params>
          <reporter-output>
          </reporter-output>
        </test-method> <!-- runScenario -->
        <test-method signature="runScenario(io.cucumber.testng.PickleWrapper,io.cucumber.testng.FeatureWrapper)[pri:0, instance:runner.TestRunner@68878f6d]" started-at="2024-10-27T07:24:44 CDT" name="runScenario" description="Runs Cucumber Scenarios" data-provider="scenarios" finished-at="2024-10-27T07:24:56 CDT" duration-ms="11519" status="PASS">
          <params>
            <param index="0">
              <value>
                <![CDATA["Verify cancel button"]]>
              </value>
            </param>
            <param index="1">
              <value>
                <![CDATA["Add New Program"]]>
              </value>
            </param>
          </params>
          <reporter-output>
          </reporter-output>
        </test-method> <!-- runScenario -->
        <test-method signature="runScenario(io.cucumber.testng.PickleWrapper,io.cucumber.testng.FeatureWrapper)[pri:0, instance:runner.TestRunner@68878f6d]" started-at="2024-10-27T07:24:56 CDT" name="runScenario" description="Runs Cucumber Scenarios" data-provider="scenarios" finished-at="2024-10-27T07:25:08 CDT" duration-ms="12804" status="PASS">
          <params>
            <param index="0">
              <value>
                <![CDATA["Verify enter program name"]]>
              </value>
            </param>
            <param index="1">
              <value>
                <![CDATA["Add New Program"]]>
              </value>
            </param>
          </params>
          <reporter-output>
          </reporter-output>
        </test-method> <!-- runScenario -->
        <test-method signature="runScenario(io.cucumber.testng.PickleWrapper,io.cucumber.testng.FeatureWrapper)[pri:0, instance:runner.TestRunner@68878f6d]" started-at="2024-10-27T07:25:08 CDT" name="runScenario" description="Runs Cucumber Scenarios" data-provider="scenarios" finished-at="2024-10-27T07:25:21 CDT" duration-ms="12308" status="PASS">
          <params>
            <param index="0">
              <value>
                <![CDATA["Verify enter description"]]>
              </value>
            </param>
            <param index="1">
              <value>
                <![CDATA["Add New Program"]]>
              </value>
            </param>
          </params>
          <reporter-output>
          </reporter-output>
        </test-method> <!-- runScenario -->
        <test-method signature="runScenario(io.cucumber.testng.PickleWrapper,io.cucumber.testng.FeatureWrapper)[pri:0, instance:runner.TestRunner@68878f6d]" started-at="2024-10-27T07:25:21 CDT" name="runScenario" description="Runs Cucumber Scenarios" data-provider="scenarios" finished-at="2024-10-27T07:25:34 CDT" duration-ms="13070" status="PASS">
          <params>
            <param index="0">
              <value>
                <![CDATA["Verify select Status"]]>
              </value>
            </param>
            <param index="1">
              <value>
                <![CDATA["Add New Program"]]>
              </value>
            </param>
          </params>
          <reporter-output>
          </reporter-output>
        </test-method> <!-- runScenario -->
        <test-method signature="runScenario(io.cucumber.testng.PickleWrapper,io.cucumber.testng.FeatureWrapper)[pri:0, instance:runner.TestRunner@68878f6d]" started-at="2024-10-27T07:25:34 CDT" name="runScenario" description="Runs Cucumber Scenarios" data-provider="scenarios" finished-at="2024-10-27T07:25:46 CDT" duration-ms="12189" status="PASS">
          <params>
            <param index="0">
              <value>
                <![CDATA["Verify select Status"]]>
              </value>
            </param>
            <param index="1">
              <value>
                <![CDATA["Add New Program"]]>
              </value>
            </param>
          </params>
          <reporter-output>
          </reporter-output>
        </test-method> <!-- runScenario -->
        <test-method signature="runScenario(io.cucumber.testng.PickleWrapper,io.cucumber.testng.FeatureWrapper)[pri:0, instance:runner.TestRunner@68878f6d]" started-at="2024-10-27T07:25:46 CDT" name="runScenario" description="Runs Cucumber Scenarios" data-provider="scenarios" finished-at="2024-10-27T07:26:01 CDT" duration-ms="14772" status="PASS">
          <params>
            <param index="0">
              <value>
                <![CDATA["Verify Admin is able to save the program details"]]>
              </value>
            </param>
            <param index="1">
              <value>
                <![CDATA["Add New Program"]]>
              </value>
            </param>
          </params>
          <reporter-output>
          </reporter-output>
        </test-method> <!-- runScenario -->
        <test-method signature="runScenario(io.cucumber.testng.PickleWrapper,io.cucumber.testng.FeatureWrapper)[pri:0, instance:runner.TestRunner@68878f6d]" started-at="2024-10-27T07:26:01 CDT" name="runScenario" description="Runs Cucumber Scenarios" data-provider="scenarios" finished-at="2024-10-27T07:26:14 CDT" duration-ms="12989" status="PASS">
          <params>
            <param index="0">
              <value>
                <![CDATA["Verify added Program is created"]]>
              </value>
            </param>
            <param index="1">
              <value>
                <![CDATA["Add New Program"]]>
              </value>
            </param>
          </params>
          <reporter-output>
          </reporter-output>
        </test-method> <!-- runScenario -->
        <test-method signature="runScenario(io.cucumber.testng.PickleWrapper,io.cucumber.testng.FeatureWrapper)[pri:0, instance:runner.TestRunner@68878f6d]" started-at="2024-10-27T07:26:14 CDT" name="runScenario" description="Runs Cucumber Scenarios" data-provider="scenarios" finished-at="2024-10-27T07:26:26 CDT" duration-ms="12391" status="PASS">
          <params>
            <param index="0">
              <value>
                <![CDATA["Verify close window with "X""]]>
              </value>
            </param>
            <param index="1">
              <value>
                <![CDATA["Add New Program"]]>
              </value>
            </param>
          </params>
          <reporter-output>
          </reporter-output>
        </test-method> <!-- runScenario -->
        <test-method signature="runScenario(io.cucumber.testng.PickleWrapper,io.cucumber.testng.FeatureWrapper)[pri:0, instance:runner.TestRunner@68878f6d]" started-at="2024-10-27T07:26:26 CDT" name="runScenario" description="Runs Cucumber Scenarios" data-provider="scenarios" finished-at="2024-10-27T07:26:39 CDT" duration-ms="12598" status="PASS">
          <params>
            <param index="0">
              <value>
                <![CDATA["Verify Edit option"]]>
              </value>
            </param>
            <param index="1">
              <value>
                <![CDATA["Edit Program"]]>
              </value>
            </param>
          </params>
          <reporter-output>
          </reporter-output>
        </test-method> <!-- runScenario -->
        <test-method signature="runScenario(io.cucumber.testng.PickleWrapper,io.cucumber.testng.FeatureWrapper)[pri:0, instance:runner.TestRunner@68878f6d]" started-at="2024-10-27T07:26:39 CDT" name="runScenario" description="Runs Cucumber Scenarios" data-provider="scenarios" finished-at="2024-10-27T07:26:51 CDT" duration-ms="12273" status="PASS">
          <params>
            <param index="0">
              <value>
                <![CDATA["Verify title of the pop up window"]]>
              </value>
            </param>
            <param index="1">
              <value>
                <![CDATA["Edit Program"]]>
              </value>
            </param>
          </params>
          <reporter-output>
          </reporter-output>
        </test-method> <!-- runScenario -->
        <test-method signature="runScenario(io.cucumber.testng.PickleWrapper,io.cucumber.testng.FeatureWrapper)[pri:0, instance:runner.TestRunner@68878f6d]" started-at="2024-10-27T07:26:51 CDT" name="runScenario" description="Runs Cucumber Scenarios" data-provider="scenarios" finished-at="2024-10-27T07:27:03 CDT" duration-ms="12095" status="PASS">
          <params>
            <param index="0">
              <value>
                <![CDATA["Verify mandatory fields with red "*" mark"]]>
              </value>
            </param>
            <param index="1">
              <value>
                <![CDATA["Edit Program"]]>
              </value>
            </param>
          </params>
          <reporter-output>
          </reporter-output>
        </test-method> <!-- runScenario -->
        <test-method signature="runScenario(io.cucumber.testng.PickleWrapper,io.cucumber.testng.FeatureWrapper)[pri:0, instance:runner.TestRunner@68878f6d]" started-at="2024-10-27T07:27:03 CDT" name="runScenario" description="Runs Cucumber Scenarios" data-provider="scenarios" finished-at="2024-10-27T07:27:16 CDT" duration-ms="12477" status="PASS">
          <params>
            <param index="0">
              <value>
                <![CDATA["Verify mandatory fields with red "*" mark"]]>
              </value>
            </param>
            <param index="1">
              <value>
                <![CDATA["Edit Program"]]>
              </value>
            </param>
          </params>
          <reporter-output>
          </reporter-output>
        </test-method> <!-- runScenario -->
        <test-method signature="runScenario(io.cucumber.testng.PickleWrapper,io.cucumber.testng.FeatureWrapper)[pri:0, instance:runner.TestRunner@68878f6d]" started-at="2024-10-27T07:27:16 CDT" name="runScenario" description="Runs Cucumber Scenarios" data-provider="scenarios" finished-at="2024-10-27T07:27:28 CDT" duration-ms="12599" status="PASS">
          <params>
            <param index="0">
              <value>
                <![CDATA["Verify mandatory fields with red "*" mark"]]>
              </value>
            </param>
            <param index="1">
              <value>
                <![CDATA["Edit Program"]]>
              </value>
            </param>
          </params>
          <reporter-output>
          </reporter-output>
        </test-method> <!-- runScenario -->
        <test-method signature="runScenario(io.cucumber.testng.PickleWrapper,io.cucumber.testng.FeatureWrapper)[pri:0, instance:runner.TestRunner@68878f6d]" started-at="2024-10-27T07:27:28 CDT" name="runScenario" description="Runs Cucumber Scenarios" data-provider="scenarios" finished-at="2024-10-27T07:27:41 CDT" duration-ms="12975" status="PASS">
          <params>
            <param index="0">
              <value>
                <![CDATA["Verify Admin able to click cancel button"]]>
              </value>
            </param>
            <param index="1">
              <value>
                <![CDATA["Edit Program"]]>
              </value>
            </param>
          </params>
          <reporter-output>
          </reporter-output>
        </test-method> <!-- runScenario -->
        <test-method signature="runScenario(io.cucumber.testng.PickleWrapper,io.cucumber.testng.FeatureWrapper)[pri:0, instance:runner.TestRunner@68878f6d]" started-at="2024-10-27T07:27:41 CDT" name="runScenario" description="Runs Cucumber Scenarios" data-provider="scenarios" finished-at="2024-10-27T07:27:53 CDT" duration-ms="12251" status="PASS">
          <params>
            <param index="0">
              <value>
                <![CDATA["Verify edit program"]]>
              </value>
            </param>
            <param index="1">
              <value>
                <![CDATA["Edit Program"]]>
              </value>
            </param>
          </params>
          <reporter-output>
          </reporter-output>
        </test-method> <!-- runScenario -->
        <test-method signature="runScenario(io.cucumber.testng.PickleWrapper,io.cucumber.testng.FeatureWrapper)[pri:0, instance:runner.TestRunner@68878f6d]" started-at="2024-10-27T07:27:53 CDT" name="runScenario" description="Runs Cucumber Scenarios" data-provider="scenarios" finished-at="2024-10-27T07:28:06 CDT" duration-ms="12790" status="PASS">
          <params>
            <param index="0">
              <value>
                <![CDATA["Verify edit program"]]>
              </value>
            </param>
            <param index="1">
              <value>
                <![CDATA["Edit Program"]]>
              </value>
            </param>
          </params>
          <reporter-output>
          </reporter-output>
        </test-method> <!-- runScenario -->
        <test-method signature="runScenario(io.cucumber.testng.PickleWrapper,io.cucumber.testng.FeatureWrapper)[pri:0, instance:runner.TestRunner@68878f6d]" started-at="2024-10-27T07:28:06 CDT" name="runScenario" description="Runs Cucumber Scenarios" data-provider="scenarios" finished-at="2024-10-27T07:28:19 CDT" duration-ms="12254" status="PASS">
          <params>
            <param index="0">
              <value>
                <![CDATA["Verify edit program"]]>
              </value>
            </param>
            <param index="1">
              <value>
                <![CDATA["Edit Program"]]>
              </value>
            </param>
          </params>
          <reporter-output>
          </reporter-output>
        </test-method> <!-- runScenario -->
        <test-method signature="runScenario(io.cucumber.testng.PickleWrapper,io.cucumber.testng.FeatureWrapper)[pri:0, instance:runner.TestRunner@68878f6d]" started-at="2024-10-27T07:28:19 CDT" name="runScenario" description="Runs Cucumber Scenarios" data-provider="scenarios" finished-at="2024-10-27T07:28:31 CDT" duration-ms="12647" status="PASS">
          <params>
            <param index="0">
              <value>
                <![CDATA["Verify edited Program details are updated"]]>
              </value>
            </param>
            <param index="1">
              <value>
                <![CDATA["Edit Program"]]>
              </value>
            </param>
          </params>
          <reporter-output>
          </reporter-output>
        </test-method> <!-- runScenario -->
        <test-method signature="runScenario(io.cucumber.testng.PickleWrapper,io.cucumber.testng.FeatureWrapper)[pri:0, instance:runner.TestRunner@68878f6d]" started-at="2024-10-27T07:28:31 CDT" name="runScenario" description="Runs Cucumber Scenarios" data-provider="scenarios" finished-at="2024-10-27T07:28:44 CDT" duration-ms="12640" status="PASS">
          <params>
            <param index="0">
              <value>
                <![CDATA["Verify close window with "X""]]>
              </value>
            </param>
            <param index="1">
              <value>
                <![CDATA["Edit Program"]]>
              </value>
            </param>
          </params>
          <reporter-output>
          </reporter-output>
        </test-method> <!-- runScenario -->
        <test-method signature="runScenario(io.cucumber.testng.PickleWrapper,io.cucumber.testng.FeatureWrapper)[pri:0, instance:runner.TestRunner@68878f6d]" started-at="2024-10-27T07:28:44 CDT" name="runScenario" description="Runs Cucumber Scenarios" data-provider="scenarios" finished-at="2024-10-27T07:28:56 CDT" duration-ms="12468" status="PASS">
          <params>
            <param index="0">
              <value>
                <![CDATA["Verify Delete Button"]]>
              </value>
            </param>
            <param index="1">
              <value>
                <![CDATA["Delete Program"]]>
              </value>
            </param>
          </params>
          <reporter-output>
          </reporter-output>
        </test-method> <!-- runScenario -->
        <test-method signature="runScenario(io.cucumber.testng.PickleWrapper,io.cucumber.testng.FeatureWrapper)[pri:0, instance:runner.TestRunner@68878f6d]" started-at="2024-10-27T07:28:56 CDT" name="runScenario" description="Runs Cucumber Scenarios" data-provider="scenarios" finished-at="2024-10-27T07:29:09 CDT" duration-ms="12357" status="PASS">
          <params>
            <param index="0">
              <value>
                <![CDATA["Verify Admin is able to click 'Yes'"]]>
              </value>
            </param>
            <param index="1">
              <value>
                <![CDATA["Delete Program"]]>
              </value>
            </param>
          </params>
          <reporter-output>
          </reporter-output>
        </test-method> <!-- runScenario -->
        <test-method signature="runScenario(io.cucumber.testng.PickleWrapper,io.cucumber.testng.FeatureWrapper)[pri:0, instance:runner.TestRunner@68878f6d]" started-at="2024-10-27T07:29:09 CDT" name="runScenario" description="Runs Cucumber Scenarios" data-provider="scenarios" finished-at="2024-10-27T07:29:21 CDT" duration-ms="12405" status="PASS">
          <params>
            <param index="0">
              <value>
                <![CDATA["Verify Admin is able to deleted program"]]>
              </value>
            </param>
            <param index="1">
              <value>
                <![CDATA["Delete Program"]]>
              </value>
            </param>
          </params>
          <reporter-output>
          </reporter-output>
        </test-method> <!-- runScenario -->
        <test-method signature="runScenario(io.cucumber.testng.PickleWrapper,io.cucumber.testng.FeatureWrapper)[pri:0, instance:runner.TestRunner@68878f6d]" started-at="2024-10-27T07:29:21 CDT" name="runScenario" description="Runs Cucumber Scenarios" data-provider="scenarios" finished-at="2024-10-27T07:29:33 CDT" duration-ms="12225" status="PASS">
          <params>
            <param index="0">
              <value>
                <![CDATA["Verify Admin is able to click 'No'"]]>
              </value>
            </param>
            <param index="1">
              <value>
                <![CDATA["Delete Program"]]>
              </value>
            </param>
          </params>
          <reporter-output>
          </reporter-output>
        </test-method> <!-- runScenario -->
        <test-method signature="runScenario(io.cucumber.testng.PickleWrapper,io.cucumber.testng.FeatureWrapper)[pri:0, instance:runner.TestRunner@68878f6d]" started-at="2024-10-27T07:29:33 CDT" name="runScenario" description="Runs Cucumber Scenarios" data-provider="scenarios" finished-at="2024-10-27T07:29:45 CDT" duration-ms="12054" status="PASS">
          <params>
            <param index="0">
              <value>
                <![CDATA["Verify Admin is able to close the window with "X""]]>
              </value>
            </param>
            <param index="1">
              <value>
                <![CDATA["Delete Program"]]>
              </value>
            </param>
          </params>
          <reporter-output>
          </reporter-output>
        </test-method> <!-- runScenario -->
        <test-method is-config="true" signature="tearDownClass()[pri:0, instance:runner.TestRunner@68878f6d]" started-at="2024-10-27T07:29:45 CDT" name="tearDownClass" finished-at="2024-10-27T07:29:51 CDT" duration-ms="5868" status="PASS">
          <reporter-output>
          </reporter-output>
        </test-method> <!-- tearDownClass -->
      </class> <!-- runner.TestRunner -->
    </test> <!-- Default test -->
  </suite> <!-- Default suite -->
</testng-results>
